---------------------------
reading dir "/Users/priyanshukhakkhar"

Caused by:
- Operation not permitted (os error 1)

Debug info:
- Execution of get_all_written_entrypoints_with_issues_operation failed
- Execution of EntrypointsOperation::new failed
- Execution of all_entrypoints_write_to_disk_operation failed
- Execution of output_assets_operation failed
- Execution of Project::get_all_endpoint_groups_with_app_route_filter failed
- Execution of Project::entrypoints_with_app_route_filter failed
- Execution of AppProject::routes_with_filter failed
- Execution of directory_tree_to_entrypoints_internal failed
- Execution of directory_tree_to_loader_tree failed
- Execution of try_get_next_package failed
- Execution of *ResolveResult::first_source failed
- Execution of resolve failed
- Execution of resolve_internal failed
- Execution of find_self_reference failed
- Execution of find_context_file failed
- Execution of realpath_with_links failed
- Execution of realpath_with_links failed
- Execution of realpath_with_links failed
- Execution of realpath_with_links failed
- Execution of get_type failed
- Execution of <DiskFileSystem as FileSystem>::raw_read_dir failed
- reading dir "/Users/priyanshukhakkhar"
- Operation not permitted (os error 1)
